<?xml version="1.0" encoding="UTF-8"?>
<!-- Generated by org.testng.reporters.JUnitReportReporter -->
<testsuite hostname="DESKTOP-7PTRHU1" failures="0" tests="1" name="maven_intro.tests.GSearchTest" time="10.863" errors="0" timestamp="2022-08-10T12:02:21 IST" skipped="0">
  <testcase classname="maven_intro.tests.GSearchTest" name="testSearch" time="10.863"/>
  <system-out/>
</testsuite> <!-- maven_intro.tests.GSearchTest -->
