<?xml version="1.0" encoding="UTF-8"?>
<!-- Generated by org.testng.reporters.JUnitReportReporter -->
<testsuite hostname="DESKTOP-7PTRHU1" failures="0" tests="1" name="maven_intro.tests.GSearch1Test" time="12.271" errors="0" timestamp="2022-08-10T12:29:10 IST" skipped="0">
  <testcase classname="maven_intro.tests.GSearch1Test" name="testSearch" time="12.271"/>
  <system-out/>
</testsuite> <!-- maven_intro.tests.GSearch1Test -->
