<?xml version="1.0" encoding="UTF-8"?>
<!-- Generated by org.testng.reporters.JUnitReportReporter -->
<testsuite hostname="DESKTOP-7PTRHU1" failures="0" tests="1" name="maven_intro.tests.GoggleSearchTest" time="8.412" errors="0" timestamp="2022-08-10T11:43:03 IST" skipped="0">
  <testcase classname="maven_intro.tests.GoggleSearchTest" name="st" time="8.412"/>
  <system-out/>
</testsuite> <!-- maven_intro.tests.GoggleSearchTest -->
