<?xml version="1.0" encoding="UTF-8"?>
<!-- Generated by org.testng.reporters.JUnitReportReporter -->
<testsuite hostname="DESKTOP-7PTRHU1" failures="0" tests="1" name="project_name_group_id.tests.HomePageTest" time="9.823" errors="0" timestamp="2022-08-11T13:04:48 IST" skipped="0">
  <testcase classname="project_name_group_id.tests.HomePageTest" name="verifyHomePageLoadedSuccessfully" time="9.823"/>
  <system-out/>
</testsuite> <!-- project_name_group_id.tests.HomePageTest -->
