<?xml version="1.0" encoding="UTF-8"?>
<!-- Generated by org.testng.reporters.JUnitReportReporter -->
<testsuite hostname="DESKTOP-7PTRHU1" failures="0" tests="1" name="project_name_group_id.tests.HomePageIRCTCTest" time="23.855" errors="0" timestamp="2022-08-11T16:31:10 IST" skipped="0">
  <testcase classname="project_name_group_id.tests.HomePageIRCTCTest" name="verifyTrainSearchSuccessWithAllAvailableFileds" time="23.855"/>
  <system-out/>
</testsuite> <!-- project_name_group_id.tests.HomePageIRCTCTest -->
